State 0:
          program ::= * expr
          expr ::= * expr MINUS expr
          expr ::= * expr PLUS expr
          expr ::= * expr TIMES expr
          expr ::= * expr DIVIDE expr
          expr ::= * INTEGER

                       INTEGER shift-reduce 5      expr ::= INTEGER
                       program accept
                          expr shift        5      

State 1:
          expr ::= * expr MINUS expr
          expr ::= * expr PLUS expr
          expr ::= * expr TIMES expr
          expr ::= * expr DIVIDE expr
          expr ::= expr DIVIDE * expr
          expr ::= * INTEGER

                       INTEGER shift-reduce 5      expr ::= INTEGER
                          expr shift-reduce 4      expr ::= expr DIVIDE expr

State 2:
          expr ::= * expr MINUS expr
          expr ::= * expr PLUS expr
          expr ::= * expr TIMES expr
          expr ::= expr TIMES * expr
          expr ::= * expr DIVIDE expr
          expr ::= * INTEGER

                       INTEGER shift-reduce 5      expr ::= INTEGER
                          expr shift-reduce 3      expr ::= expr TIMES expr

State 3:
          expr ::= * expr MINUS expr
          expr ::= * expr PLUS expr
          expr ::= expr PLUS * expr
          expr ::= * expr TIMES expr
          expr ::= * expr DIVIDE expr
          expr ::= * INTEGER

                       INTEGER shift-reduce 5      expr ::= INTEGER
                          expr shift-reduce 2      expr ::= expr PLUS expr

State 4:
          expr ::= * expr MINUS expr
          expr ::= expr MINUS * expr
          expr ::= * expr PLUS expr
          expr ::= * expr TIMES expr
          expr ::= * expr DIVIDE expr
          expr ::= * INTEGER

                       INTEGER shift-reduce 5      expr ::= INTEGER
                          expr shift-reduce 1      expr ::= expr MINUS expr

State 5:
      (0) program ::= expr *
          expr ::= expr * MINUS expr
          expr ::= expr * PLUS expr
          expr ::= expr * TIMES expr
          expr ::= expr * DIVIDE expr

                             $ reduce       0      program ::= expr
                        DIVIDE shift        1      
                         TIMES shift        2      
                         MINUS shift        4      
                          PLUS shift        3      

----------------------------------------------------
Symbols:
    0: $:
    1: DIVIDE
    2: TIMES
    3: MINUS
    4: PLUS
    5: INTEGER
    6: error:
    7: program: INTEGER
    8: expr: INTEGER
